[2025-04-10 09:05:47,830] 1026 httpx - INFO - HTTP Request: POST https://dagshub.com/login/oauth/middleman "HTTP/1.1 200 OK"
[2025-04-10 09:05:49,000] 1026 httpx - INFO - HTTP Request: POST https://dagshub.com/login/oauth/access_token "HTTP/1.1 200 OK"
[2025-04-10 09:05:50,200] 1026 httpx - INFO - HTTP Request: GET https://dagshub.com/api/v1/user "HTTP/1.1 200 OK"
[2025-04-10 09:05:50,216] 107 dagshub - INFO - Accessing as GinHikat
[2025-04-10 09:05:51,949] 1026 httpx - INFO - HTTP Request: GET https://dagshub.com/api/v1/repos/GinHikat/Students-Depression "HTTP/1.1 200 OK"
[2025-04-10 09:05:53,021] 1026 httpx - INFO - HTTP Request: GET https://dagshub.com/api/v1/user "HTTP/1.1 200 OK"
[2025-04-10 09:05:53,038] 107 dagshub - INFO - Initialized MLflow to track repo "GinHikat/Students-Depression"
[2025-04-10 09:05:53,038] 107 dagshub - INFO - Repository GinHikat/Students-Depression initialized!
[2025-04-10 09:05:54,311] 80 root - INFO - Loading datasets
[2025-04-10 09:05:54,331] 86 root - INFO - Encoding target values
[2025-04-10 09:05:54,343] 94 root - INFO - Define models and parameters
[2025-04-10 09:05:54,343] 166 root - INFO - Model training complete
[2025-04-10 09:05:55,731] 172 root - INFO - Saving model to artifacts
[2025-04-10 09:06:37,214] 177 root - INFO - Metrics saved on Mlflow and Dagshub
[2025-04-10 09:06:37,232] 149 bentoml._internal.frameworks.sklearn - INFO - Using the default model signature for scikit-learn ({'predict': {'batchable': False}}) for model "model".
[2025-04-10 09:06:38,365] 295 bentoml._internal.runner.runner - WARNING - 'Runner.init_local' is for debugging and testing only. Make sure to remove it before deploying to production.
[2025-04-10 09:06:38,707] 184 root - INFO - BentoMl will run based on given input
[2025-04-10 09:06:38,723] 21 dotenv.main - WARNING - Python-dotenv could not parse statement starting at line 1
[2025-04-10 09:06:38,776] 97 werkzeug - INFO - [31m[1mWARNING: This is a development server. Do not use it in a production deployment. Use a production WSGI server instead.[0m
 * Running on all addresses (0.0.0.0)
 * Running on http://127.0.0.1:5000
 * Running on http://192.168.142.169:5000
[2025-04-10 09:06:38,776] 97 werkzeug - INFO - [33mPress CTRL+C to quit[0m
[2025-04-10 09:06:38,828] 97 werkzeug - INFO -  * Restarting with watchdog (windowsapi)
[2025-04-10 09:07:43,855] 97 werkzeug - INFO -  * Restarting with watchdog (windowsapi)
[2025-04-10 09:09:36,167] 97 werkzeug - INFO -  * Restarting with watchdog (windowsapi)
